<?xml version="1.0" encoding="UTF-8" ?>
<testsuite tests="5" failures="0" name="oprpp1.p02.demo.SorterTest" time="0.024" errors="0" skipped="0">
  <properties>
[...]
</properties>
  <testcase classname="oprpp1.p02.demo.SorterTest" name="oprpp1.p02.demo.SorterTest.testTooBigArray" time="0.018"/>
  <testcase classname="oprpp1.p02.demo.SorterTest" name="oprpp1.p02.demo.SorterTest.testTooSmallArray" time="0"/>
  <testcase classname="oprpp1.p02.demo.SorterTest" name="oprpp1.p02.demo.SorterTest.testAlreadySortedArray" time="0.001"/>
  <testcase classname="oprpp1.p02.demo.SorterTest" name="oprpp1.p02.demo.SorterTest.testShouldChangeOrderInArray" time="0"/>
  <testcase classname="oprpp1.p02.demo.SorterTest" name="oprpp1.p02.demo.SorterTest.testNullArray" time="0.005"/>
</testsuite>